android/build/intermediates/manifest_merge_blame_file/debug/manifest-merger-blame-debug-report.txt
1<?xml version="1.0" encoding="utf-8"?>
2<manifest xmlns:android="http://schemas.android.com/apk/res/android"
3    package="cat.xtec.ioc"
4    android:versionCode="1"
5    android:versionName="1.0" >
6
7    <uses-sdk
8        android:minSdkVersion="14"
8-->joc2020/android/AndroidManifest.xml
9        android:targetSdkVersion="29" />
9-->joc2020/android/AndroidManifest.xml
10
11    <application
11-->joc2020/android/AndroidManifest.xml:8:5-23:19
12        android:allowBackup="true"
12-->joc2020/android/AndroidManifest.xml:9:9-35
13        android:debuggable="true"
14        android:icon="@drawable/ic_launcher"
14-->joc2020/android/AndroidManifest.xml:10:9-45
15        android:label="@string/app_name"
15-->joc2020/android/AndroidManifest.xml:11:9-41
16        android:testOnly="true"
17        android:theme="@style/GdxTheme" >
17-->joc2020/android/AndroidManifest.xml:12:9-40
18        <activity
18-->joc2020/android/AndroidManifest.xml:13:9-22:20
19            android:name="cat.xtec.ioc.android.AndroidLauncher"
19-->joc2020/android/AndroidManifest.xml:14:13-64
20            android:configChanges="keyboard|keyboardHidden|orientation|screenSize"
20-->joc2020/android/AndroidManifest.xml:17:13-83
21            android:label="@string/app_name"
21-->joc2020/android/AndroidManifest.xml:15:13-45
22            android:screenOrientation="landscape" >
22-->joc2020/android/AndroidManifest.xml:16:13-50
23            <intent-filter>
23-->joc2020/android/AndroidManifest.xml:18:13-21:29
24                <action android:name="android.intent.action.MAIN" />
24-->joc2020/android/AndroidManifest.xml:19:17-69
24-->joc2020/android/AndroidManifest.xml:19:25-66
25
26                <category android:name="android.intent.category.LAUNCHER" />
26-->joc2020/android/AndroidManifest.xml:20:17-77
26-->joc2020/android/AndroidManifest.xml:20:27-74
27            </intent-filter>
28        </activity>
29    </application>
30
31</manifest>